*** Starting uWSGI 2.0.18 (64bit) on [Sat Nov  2 17:01:09 2019] ***
compiled with version: 7.4.0 on 24 October 2019 08:55:50
os: Linux-5.0.0-32-generic #34~18.04.2-Ubuntu SMP Thu Oct 10 10:36:02 UTC 2019
nodename: tarena
machine: x86_64
clock source: unix
pcre jit disabled
detected number of CPU cores: 4
current working directory: /home/tarena/PycharmProjects/shop
writing pidfile to uwsgi.pid
detected binary path: /usr/local/bin/uwsgi
your processes number limit is 31196
your memory page size is 4096 bytes
detected max file descriptor number: 1024
lock engine: pthread robust mutexes
thunder lock: disabled (you can enable it with --thunder-lock)
uwsgi socket 0 bound to TCP address 127.0.0.1:5000 fd 3
Python version: 3.6.8 (default, Oct  7 2019, 12:59:55)  [GCC 8.3.0]
PEP 405 virtualenv detected: /home/tarena/PycharmProjects/shop/venv
Set PythonHome to /home/tarena/PycharmProjects/shop/venv
Python main interpreter initialized at 0x564efd83c480
python threads support enabled
your server socket listen backlog is limited to 100 connections
your mercy for graceful operations on workers is 60 seconds
mapped 250128 bytes (244 KB) for 4 cores
*** Operational MODE: preforking+threaded ***
added /home/tarena/PycharmProjects/shop/ to pythonpath.
WSGI app 0 (mountpoint='') ready in 0 seconds on interpreter 0x564efd83c480 pid: 19378 (default app)
*** uWSGI is running in multiple interpreter mode ***
spawned uWSGI master process (pid: 19378)
spawned uWSGI worker 1 (pid: 19380, cores: 2)
spawned uWSGI worker 2 (pid: 19381, cores: 2)
SIGINT/SIGQUIT received...killing workers...
worker 1 buried after 1 seconds
worker 2 buried after 1 seconds
goodbye to uWSGI.
*** Starting uWSGI 2.0.18 (64bit) on [Sat Nov  2 17:02:39 2019] ***
compiled with version: 7.4.0 on 24 October 2019 08:55:50
os: Linux-5.0.0-32-generic #34~18.04.2-Ubuntu SMP Thu Oct 10 10:36:02 UTC 2019
nodename: tarena
machine: x86_64
clock source: unix
pcre jit disabled
detected number of CPU cores: 4
current working directory: /home/tarena/PycharmProjects/shop
writing pidfile to uwsgi.pid
detected binary path: /usr/local/bin/uwsgi
your processes number limit is 31196
your memory page size is 4096 bytes
detected max file descriptor number: 1024
lock engine: pthread robust mutexes
thunder lock: disabled (you can enable it with --thunder-lock)
uwsgi socket 0 bound to TCP address 176.140.8.20:5000 fd 3
Python version: 3.6.8 (default, Oct  7 2019, 12:59:55)  [GCC 8.3.0]
PEP 405 virtualenv detected: /home/tarena/PycharmProjects/shop/venv
Set PythonHome to /home/tarena/PycharmProjects/shop/venv
Python main interpreter initialized at 0x55f92ffca480
python threads support enabled
your server socket listen backlog is limited to 100 connections
your mercy for graceful operations on workers is 60 seconds
mapped 250128 bytes (244 KB) for 4 cores
*** Operational MODE: preforking+threaded ***
added /home/tarena/PycharmProjects/shop/ to pythonpath.
WSGI app 0 (mountpoint='') ready in 1 seconds on interpreter 0x55f92ffca480 pid: 19417 (default app)
*** uWSGI is running in multiple interpreter mode ***
spawned uWSGI master process (pid: 19417)
spawned uWSGI worker 1 (pid: 19419, cores: 2)
spawned uWSGI worker 2 (pid: 19421, cores: 2)
SIGINT/SIGQUIT received...killing workers...
worker 1 buried after 1 seconds
worker 2 buried after 1 seconds
goodbye to uWSGI.
*** Starting uWSGI 2.0.18 (64bit) on [Sat Nov  2 17:03:10 2019] ***
compiled with version: 7.4.0 on 24 October 2019 08:55:50
os: Linux-5.0.0-32-generic #34~18.04.2-Ubuntu SMP Thu Oct 10 10:36:02 UTC 2019
nodename: tarena
machine: x86_64
clock source: unix
pcre jit disabled
detected number of CPU cores: 4
current working directory: /home/tarena/PycharmProjects/shop
writing pidfile to uwsgi.pid
detected binary path: /usr/local/bin/uwsgi
your processes number limit is 31196
your memory page size is 4096 bytes
detected max file descriptor number: 1024
lock engine: pthread robust mutexes
thunder lock: disabled (you can enable it with --thunder-lock)
uwsgi socket 0 bound to TCP address 176.140.8.20:5000 fd 3
Python version: 3.6.8 (default, Oct  7 2019, 12:59:55)  [GCC 8.3.0]
PEP 405 virtualenv detected: /home/tarena/PycharmProjects/shop/venv
Set PythonHome to /home/tarena/PycharmProjects/shop/venv
Python main interpreter initialized at 0x56538b3f1480
python threads support enabled
your server socket listen backlog is limited to 100 connections
your mercy for graceful operations on workers is 60 seconds
mapped 250128 bytes (244 KB) for 4 cores
*** Operational MODE: preforking+threaded ***
added /home/tarena/PycharmProjects/shop/ to pythonpath.
WSGI app 0 (mountpoint='') ready in 1 seconds on interpreter 0x56538b3f1480 pid: 19464 (default app)
*** uWSGI is running in multiple interpreter mode ***
spawned uWSGI master process (pid: 19464)
spawned uWSGI worker 1 (pid: 19466, cores: 2)
spawned uWSGI worker 2 (pid: 19468, cores: 2)
[pid: 19468|app: 0|req: 1/1] 176.140.8.20 () {42 vars in 779 bytes} [Sat Nov  2 17:03:20 2019] GET / => generated 49374 bytes in 94 msecs (HTTP/1.1 200) 2 headers in 82 bytes (1 switches on core 0)
[pid: 19468|app: 0|req: 2/2] 176.140.8.20 () {42 vars in 723 bytes} [Sat Nov  2 17:03:21 2019] GET /favicon.ico => generated 232 bytes in 2 msecs (HTTP/1.1 404) 2 headers in 72 bytes (1 switches on core 1)
[pid: 19468|app: 0|req: 3/3] 176.140.8.20 () {44 vars in 843 bytes} [Sat Nov  2 17:03:24 2019] GET /shopping_cart/ => generated 221 bytes in 1 msecs (HTTP/1.1 302) 3 headers in 121 bytes (1 switches on core 1)
[pid: 19468|app: 0|req: 4/4] 176.140.8.20 () {44 vars in 827 bytes} [Sat Nov  2 17:03:24 2019] GET /login/ => generated 3273 bytes in 8 msecs (HTTP/1.1 200) 4 headers in 246 bytes (1 switches on core 0)
[pid: 19468|app: 0|req: 5/5] 176.140.8.20 () {42 vars in 836 bytes} [Sat Nov  2 17:03:24 2019] GET /code => generated 1715 bytes in 16 msecs (HTTP/1.1 200) 4 headers in 251 bytes (1 switches on core 1)
SIGINT/SIGQUIT received...killing workers...
worker 1 buried after 1 seconds
worker 2 buried after 1 seconds
goodbye to uWSGI.
